<?xml version="1.0" encoding="UTF-8"?>
<!-- Generated by org.testng.reporters.JUnitReportReporter -->
<testsuite skipped="0" hostname="Neelima-PC" name="testCases.TC_AddCustomerTest_003" tests="1" failures="0" timestamp="25 Jul 2019 12:27:21 GMT" time="18.859" errors="0">
  <testcase name="addNewCustomer" time="18.859" classname="testCases.TC_AddCustomerTest_003"/>
</testsuite> <!-- testCases.TC_AddCustomerTest_003 -->
