<?xml version="1.0" encoding="UTF-8"?>
<!-- Generated by org.testng.reporters.JUnitReportReporter -->
<testsuite skipped="0" hostname="Neelima-PC" name="testCases.TC_LoginTest_001" tests="1" failures="0" timestamp="26 Jul 2019 10:02:41 GMT" time="5.603" errors="0">
  <testcase name="loginTest" time="5.603" classname="testCases.TC_LoginTest_001"/>
</testsuite> <!-- testCases.TC_LoginTest_001 -->
