<?xml version="1.0" encoding="UTF-8"?>
<!-- Generated by org.testng.reporters.JUnitReportReporter -->
<testsuite skipped="0" hostname="Neelima-PC" name="testCases.TC_AddCustomerTest_003" tests="1" failures="0" timestamp="25 Jul 2019 17:40:07 GMT" time="38.837" errors="0">
  <testcase name="addNewCustomer" time="38.837" classname="testCases.TC_AddCustomerTest_003"/>
</testsuite> <!-- testCases.TC_AddCustomerTest_003 -->
